newdoc/build/outputs/logs/manifest-merger-debug-report.txt
-- Merging decision tree log ---
manifest
ADDED from src\main\AndroidManifest.xml:2:1-400:12
	package
		ADDED from src\main\AndroidManifest.xml:3:5-31
		INJECTED from src\main\AndroidManifest.xml
		INJECTED from src\main\AndroidManifest.xml
	android:versionName
		ADDED from src\main\AndroidManifest.xml:5:5-30
	android:versionCode
		ADDED from src\main\AndroidManifest.xml:4:5-28
		INJECTED from src\main\AndroidManifest.xml
		INJECTED from src\main\AndroidManifest.xml
	xmlns:android
		ADDED from src\main\AndroidManifest.xml:2:11-69
uses-sdk
ADDED from src\main\AndroidManifest.xml:7:5-9:41
MERGED from [com.android.support:multidex:1.0.1] AndroidManifest.xml:18:5-42
MERGED from [newdoc9:toggleButtonLib:unspecified] AndroidManifest.xml:7:5-9:41
MERGED from [com.android.support:support-v4:22.2.1] AndroidManifest.xml:20:5-43
	android:targetSdkVersion
		ADDED from src\main\AndroidManifest.xml:9:9-38
		INJECTED from src\main\AndroidManifest.xml
		INJECTED from src\main\AndroidManifest.xml
	android:minSdkVersion
		ADDED from src\main\AndroidManifest.xml:8:9-35
		INJECTED from src\main\AndroidManifest.xml
		INJECTED from src\main\AndroidManifest.xml
permission#net.meluo.newdoc.permission.JPUSH_MESSAGE
ADDED from src\main\AndroidManifest.xml:11:5-13:47
	android:protectionLevel
		ADDED from src\main\AndroidManifest.xml:13:9-44
	android:name
		ADDED from src\main\AndroidManifest.xml:12:9-65
uses-permission#android.permission.ACCESS_NETWORK_STATE
ADDED from src\main\AndroidManifest.xml:15:5-79
	android:name
		ADDED from src\main\AndroidManifest.xml:15:22-76
uses-permission#android.permission.INTERNET
ADDED from src\main\AndroidManifest.xml:16:5-67
	android:name
		ADDED from src\main\AndroidManifest.xml:16:22-64
uses-permission#com.android.launcher.permission.READ_SETTINGS
ADDED from src\main\AndroidManifest.xml:17:5-85
	android:name
		ADDED from src\main\AndroidManifest.xml:17:22-82
uses-permission#android.permission.WAKE_LOCK
ADDED from src\main\AndroidManifest.xml:18:5-68
	android:name
		ADDED from src\main\AndroidManifest.xml:18:22-65
uses-permission#android.permission.CHANGE_WIFI_STATE
ADDED from src\main\AndroidManifest.xml:19:5-76
	android:name
		ADDED from src\main\AndroidManifest.xml:19:22-73
uses-permission#android.permission.ACCESS_WIFI_STATE
ADDED from src\main\AndroidManifest.xml:20:5-76
	android:name
		ADDED from src\main\AndroidManifest.xml:20:22-73
uses-permission#android.permission.GET_TASKS
ADDED from src\main\AndroidManifest.xml:21:5-68
	android:name
		ADDED from src\main\AndroidManifest.xml:21:22-65
uses-permission#android.permission.WRITE_EXTERNAL_STORAGE
ADDED from src\main\AndroidManifest.xml:22:5-81
	android:name
		ADDED from src\main\AndroidManifest.xml:22:22-78
uses-permission#android.permission.WRITE_SETTINGS
ADDED from src\main\AndroidManifest.xml:23:5-73
	android:name
		ADDED from src\main\AndroidManifest.xml:23:22-70
uses-permission#android.permission.READ_EXTERNAL_STORAGE
ADDED from src\main\AndroidManifest.xml:24:5-80
	android:name
		ADDED from src\main\AndroidManifest.xml:24:22-77
uses-permission#android.permission.READ_PHONE_STATE
ADDED from src\main\AndroidManifest.xml:25:5-75
	android:name
		ADDED from src\main\AndroidManifest.xml:25:22-72
uses-permission#android.permission.CALL_PHONE
ADDED from src\main\AndroidManifest.xml:26:5-69
	android:name
		ADDED from src\main\AndroidManifest.xml:26:22-66
uses-permission#android.permission.SYSTEM_ALERT_WINDOW
ADDED from src\main\AndroidManifest.xml:29:5-78
	android:name
		ADDED from src\main\AndroidManifest.xml:29:22-75
uses-permission#android.permission.VIBRATE
ADDED from src\main\AndroidManifest.xml:31:5-66
	android:name
		ADDED from src\main\AndroidManifest.xml:31:22-63
uses-permission#android.permission.RECEIVE_BOOT_COMPLETED
ADDED from src\main\AndroidManifest.xml:33:5-81
	android:name
		ADDED from src\main\AndroidManifest.xml:33:22-78
uses-permission#android.permission.CAMERA
ADDED from src\main\AndroidManifest.xml:36:5-65
	android:name
		ADDED from src\main\AndroidManifest.xml:36:22-62
uses-permission#android.permission.MOUNT_UNMOUNT_FILESYSTEMS
ADDED from src\main\AndroidManifest.xml:38:5-84
	android:name
		ADDED from src\main\AndroidManifest.xml:38:22-81
uses-permission#android.permission.RECORD_AUDIO
ADDED from src\main\AndroidManifest.xml:39:5-71
	android:name
		ADDED from src\main\AndroidManifest.xml:39:22-68
uses-permission#net.meluo.newdoc.permission.JPUSH_MESSAGE
ADDED from src\main\AndroidManifest.xml:42:5-81
	android:name
		ADDED from src\main\AndroidManifest.xml:42:22-78
uses-permission#android.permission.RECEIVE_USER_PRESENT
ADDED from src\main\AndroidManifest.xml:43:5-79
	android:name
		ADDED from src\main\AndroidManifest.xml:43:22-76
uses-permission#android.permission.ACCESS_COARSE_LOCATION
ADDED from src\main\AndroidManifest.xml:57:5-81
	android:name
		ADDED from src\main\AndroidManifest.xml:57:22-78
uses-permission#android.permission.ACCESS_FINE_LOCATION
ADDED from src\main\AndroidManifest.xml:59:5-79
	android:name
		ADDED from src\main\AndroidManifest.xml:59:22-76
uses-permission#android.permission.ACCESS_LOCATION_EXTRA_COMMANDS
ADDED from src\main\AndroidManifest.xml:60:5-89
	android:name
		ADDED from src\main\AndroidManifest.xml:60:22-86
uses-permission#android.permission.CHANGE_NETWORK_STATE
ADDED from src\main\AndroidManifest.xml:61:5-79
	android:name
		ADDED from src\main\AndroidManifest.xml:61:22-76
uses-feature#android.hardware.camera
ADDED from src\main\AndroidManifest.xml:64:5-66:35
	android:required
		ADDED from src\main\AndroidManifest.xml:66:9-32
	android:name
		ADDED from src\main\AndroidManifest.xml:65:9-47
uses-permission#android.permission.READ_LOGS
ADDED from src\main\AndroidManifest.xml:81:5-68
	android:name
		ADDED from src\main\AndroidManifest.xml:81:22-65
application
ADDED from src\main\AndroidManifest.xml:88:5-398:19
MERGED from [com.android.support:support-v4:22.2.1] AndroidManifest.xml:22:5-20
	android:label
		ADDED from src\main\AndroidManifest.xml:92:9-41
	android:allowBackup
		ADDED from src\main\AndroidManifest.xml:90:9-35
	android:icon
		ADDED from src\main\AndroidManifest.xml:91:9-45
	android:theme
		ADDED from src\main\AndroidManifest.xml:93:9-50
	android:name
		ADDED from src\main\AndroidManifest.xml:89:9-50
meta-data#com.baidu.lbsapi.API_KEY
ADDED from src\main\AndroidManifest.xml:94:9-96:56
	android:value
		ADDED from src\main\AndroidManifest.xml:96:13-53
	android:name
		ADDED from src\main\AndroidManifest.xml:95:13-52
activity#net.meluo.newdoc.activity.MainTabActivity
ADDED from src\main\AndroidManifest.xml:98:9-107:20
	android:screenOrientation
		ADDED from src\main\AndroidManifest.xml:101:13-55
	android:label
		ADDED from src\main\AndroidManifest.xml:100:13-45
	android:name
		ADDED from src\main\AndroidManifest.xml:99:13-69
intent-filter#android.intent.action.MAIN+android.intent.category.LAUNCHER
ADDED from src\main\AndroidManifest.xml:102:13-106:29
action#android.intent.action.MAIN
ADDED from src\main\AndroidManifest.xml:103:17-69
	android:name
		ADDED from src\main\AndroidManifest.xml:103:25-66
category#android.intent.category.LAUNCHER
ADDED from src\main\AndroidManifest.xml:105:17-77
	android:name
		ADDED from src\main\AndroidManifest.xml:105:27-74
activity#net.meluo.newdoc.activity.CommunityIndexActivity
ADDED from src\main\AndroidManifest.xml:108:9-112:20
	android:windowSoftInputMode
		ADDED from src\main\AndroidManifest.xml:111:13-67
	android:configChanges
		ADDED from src\main\AndroidManifest.xml:110:13-63
	android:name
		ADDED from src\main\AndroidManifest.xml:109:13-76
activity#net.meluo.newdoc.activity.ConsultationRoomIndexActivity
ADDED from src\main\AndroidManifest.xml:113:9-114:20
	android:name
		ADDED from src\main\AndroidManifest.xml:113:19-89
activity#net.meluo.newdoc.activity.MeIndexActivity
ADDED from src\main\AndroidManifest.xml:115:9-116:20
	android:name
		ADDED from src\main\AndroidManifest.xml:115:19-75
activity#net.meluo.newdoc.activity.ChatActivity
ADDED from src\main\AndroidManifest.xml:117:9-118:20
	android:name
		ADDED from src\main\AndroidManifest.xml:117:19-72
activity#net.meluo.newdoc.wxapi.WXEntryActivity
ADDED from src\main\AndroidManifest.xml:119:9-122:52
	android:screenOrientation
		ADDED from src\main\AndroidManifest.xml:122:13-49
	android:exported
		ADDED from src\main\AndroidManifest.xml:121:13-36
	android:name
		ADDED from src\main\AndroidManifest.xml:120:13-66
provider#com.meluo.newdoc.db.DiseaseProvider
ADDED from src\main\AndroidManifest.xml:124:9-127:40
	android:authorities
		ADDED from src\main\AndroidManifest.xml:126:13-79
	android:exported
		ADDED from src\main\AndroidManifest.xml:127:13-37
	android:name
		ADDED from src\main\AndroidManifest.xml:125:13-63
activity#cn.jpush.android.ui.PushActivity
ADDED from src\main\AndroidManifest.xml:130:9-141:20
	android:exported
		ADDED from src\main\AndroidManifest.xml:133:13-37
	android:configChanges
		ADDED from src\main\AndroidManifest.xml:132:13-63
	android:theme
		ADDED from src\main\AndroidManifest.xml:134:13-60
	android:name
		ADDED from src\main\AndroidManifest.xml:131:13-60
intent-filter#android.intent.category.DEFAULT+cn.jpush.android.ui.PushActivity+net.meluo.newdoc
ADDED from src\main\AndroidManifest.xml:135:13-140:29
action#cn.jpush.android.ui.PushActivity
ADDED from src\main\AndroidManifest.xml:136:17-75
	android:name
		ADDED from src\main\AndroidManifest.xml:136:25-72
category#android.intent.category.DEFAULT
ADDED from src\main\AndroidManifest.xml:138:17-76
	android:name
		ADDED from src\main\AndroidManifest.xml:138:27-73
category#net.meluo.newdoc
ADDED from src\main\AndroidManifest.xml:139:17-61
	android:name
		ADDED from src\main\AndroidManifest.xml:139:27-58
service#cn.jpush.android.service.DownloadService
ADDED from src\main\AndroidManifest.xml:143:9-147:19
	android:enabled
		ADDED from src\main\AndroidManifest.xml:145:13-35
	android:exported
		ADDED from src\main\AndroidManifest.xml:146:13-37
	android:name
		ADDED from src\main\AndroidManifest.xml:144:13-68
service#cn.jpush.android.service.PushService
ADDED from src\main\AndroidManifest.xml:151:9-161:19
	android:enabled
		ADDED from src\main\AndroidManifest.xml:153:13-35
	android:exported
		ADDED from src\main\AndroidManifest.xml:154:13-37
	android:name
		ADDED from src\main\AndroidManifest.xml:152:13-64
intent-filter#cn.jpush.android.intent.PUSH_TIME+cn.jpush.android.intent.PushService+cn.jpush.android.intent.REGISTER+cn.jpush.android.intent.REPORT
ADDED from src\main\AndroidManifest.xml:155:13-160:29
action#cn.jpush.android.intent.REGISTER
ADDED from src\main\AndroidManifest.xml:156:17-75
	android:name
		ADDED from src\main\AndroidManifest.xml:156:25-72
action#cn.jpush.android.intent.REPORT
ADDED from src\main\AndroidManifest.xml:157:17-73
	android:name
		ADDED from src\main\AndroidManifest.xml:157:25-70
action#cn.jpush.android.intent.PushService
ADDED from src\main\AndroidManifest.xml:158:17-78
	android:name
		ADDED from src\main\AndroidManifest.xml:158:25-75
action#cn.jpush.android.intent.PUSH_TIME
ADDED from src\main\AndroidManifest.xml:159:17-76
	android:name
		ADDED from src\main\AndroidManifest.xml:159:25-73
service#cn.jpush.android.service.DaemonService
ADDED from src\main\AndroidManifest.xml:165:9-174:19
	android:enabled
		ADDED from src\main\AndroidManifest.xml:167:13-35
	android:exported
		ADDED from src\main\AndroidManifest.xml:168:13-36
	android:name
		ADDED from src\main\AndroidManifest.xml:166:13-66
intent-filter#cn.jpush.android.intent.DaemonService+net.meluo.newdoc
ADDED from src\main\AndroidManifest.xml:169:13-173:29
action#cn.jpush.android.intent.DaemonService
ADDED from src\main\AndroidManifest.xml:170:17-80
	android:name
		ADDED from src\main\AndroidManifest.xml:170:25-77
receiver#cn.jpush.android.service.PushReceiver
ADDED from src\main\AndroidManifest.xml:177:9-196:20
	android:enabled
		ADDED from src\main\AndroidManifest.xml:179:13-35
	android:exported
		ADDED from src\main\AndroidManifest.xml:180:13-37
	android:name
		ADDED from src\main\AndroidManifest.xml:178:13-65
intent-filter#cn.jpush.android.intent.NOTIFICATION_RECEIVED_PROXY+net.meluo.newdoc
ADDED from src\main\AndroidManifest.xml:181:13-184:29
	android:priority
		ADDED from src\main\AndroidManifest.xml:181:28-51
action#cn.jpush.android.intent.NOTIFICATION_RECEIVED_PROXY
ADDED from src\main\AndroidManifest.xml:182:17-94
	android:name
		ADDED from src\main\AndroidManifest.xml:182:25-91
intent-filter#android.intent.action.USER_PRESENT+android.net.conn.CONNECTIVITY_CHANGE
ADDED from src\main\AndroidManifest.xml:185:13-188:29
action#android.intent.action.USER_PRESENT
ADDED from src\main\AndroidManifest.xml:186:17-77
	android:name
		ADDED from src\main\AndroidManifest.xml:186:25-74
action#android.net.conn.CONNECTIVITY_CHANGE
ADDED from src\main\AndroidManifest.xml:187:17-79
	android:name
		ADDED from src\main\AndroidManifest.xml:187:25-76
intent-filter#android.intent.action.PACKAGE_ADDED+android.intent.action.PACKAGE_REMOVED
ADDED from src\main\AndroidManifest.xml:190:13-195:29
action#android.intent.action.PACKAGE_ADDED
ADDED from src\main\AndroidManifest.xml:191:17-78
	android:name
		ADDED from src\main\AndroidManifest.xml:191:25-75
action#android.intent.action.PACKAGE_REMOVED
ADDED from src\main\AndroidManifest.xml:192:17-80
	android:name
		ADDED from src\main\AndroidManifest.xml:192:25-77
data
ADDED from src\main\AndroidManifest.xml:194:17-50
	android:scheme
		ADDED from src\main\AndroidManifest.xml:194:23-47
receiver#cn.jpush.android.service.AlarmReceiver
ADDED from src\main\AndroidManifest.xml:199:9-201:40
	android:exported
		ADDED from src\main\AndroidManifest.xml:201:13-37
	android:name
		ADDED from src\main\AndroidManifest.xml:200:13-66
receiver#net.meluo.newdoc.receiver.MyReceiver
ADDED from src\main\AndroidManifest.xml:204:9-218:20
	android:enabled
		ADDED from src\main\AndroidManifest.xml:206:13-35
	android:exported
		ADDED from src\main\AndroidManifest.xml:207:13-37
	android:name
		ADDED from src\main\AndroidManifest.xml:205:13-64
intent-filter#cn.jpush.android.intent.ACTION_RICHPUSH_CALLBACK+cn.jpush.android.intent.CONNECTION+cn.jpush.android.intent.MESSAGE_RECEIVED+cn.jpush.android.intent.NOTIFICATION_OPENED+cn.jpush.android.intent.NOTIFICATION_RECEIVED+cn.jpush.android.intent.REGISTRATION+cn.jpush.android.intent.UNREGISTRATION+net.meluo.newdoc
ADDED from src\main\AndroidManifest.xml:208:13-217:29
action#cn.jpush.android.intent.REGISTRATION
ADDED from src\main\AndroidManifest.xml:209:17-79
	android:name
		ADDED from src\main\AndroidManifest.xml:209:25-76
action#cn.jpush.android.intent.UNREGISTRATION
ADDED from src\main\AndroidManifest.xml:210:17-81
	android:name
		ADDED from src\main\AndroidManifest.xml:210:25-78
action#cn.jpush.android.intent.MESSAGE_RECEIVED
ADDED from src\main\AndroidManifest.xml:211:17-83
	android:name
		ADDED from src\main\AndroidManifest.xml:211:25-80
action#cn.jpush.android.intent.NOTIFICATION_RECEIVED
ADDED from src\main\AndroidManifest.xml:212:17-88
	android:name
		ADDED from src\main\AndroidManifest.xml:212:25-85
action#cn.jpush.android.intent.NOTIFICATION_OPENED
ADDED from src\main\AndroidManifest.xml:213:17-86
	android:name
		ADDED from src\main\AndroidManifest.xml:213:25-83
action#cn.jpush.android.intent.ACTION_RICHPUSH_CALLBACK
ADDED from src\main\AndroidManifest.xml:214:17-91
	android:name
		ADDED from src\main\AndroidManifest.xml:214:25-88
action#cn.jpush.android.intent.CONNECTION
ADDED from src\main\AndroidManifest.xml:215:17-77
	android:name
		ADDED from src\main\AndroidManifest.xml:215:25-74
meta-data#JPUSH_CHANNEL
ADDED from src\main\AndroidManifest.xml:221:9-223:49
	android:value
		ADDED from src\main\AndroidManifest.xml:223:13-46
	android:name
		ADDED from src\main\AndroidManifest.xml:222:13-41
meta-data#JPUSH_APPKEY
ADDED from src\main\AndroidManifest.xml:224:9-226:56
	android:value
		ADDED from src\main\AndroidManifest.xml:226:13-53
	android:name
		ADDED from src\main\AndroidManifest.xml:225:13-40
activity#com.umeng.comm.ui.activities.FeedsActivity
ADDED from src\main\AndroidManifest.xml:230:9-235:70
	android:launchMode
		ADDED from src\main\AndroidManifest.xml:233:13-44
	android:windowSoftInputMode
		ADDED from src\main\AndroidManifest.xml:235:13-67
	android:configChanges
		ADDED from src\main\AndroidManifest.xml:232:13-63
	android:taskAffinity
		ADDED from src\main\AndroidManifest.xml:234:13-55
	android:name
		ADDED from src\main\AndroidManifest.xml:231:13-70
activity#com.umeng.comm.ui.activities.PostFeedActivity
ADDED from src\main\AndroidManifest.xml:237:9-241:70
	android:exported
		ADDED from src\main\AndroidManifest.xml:240:13-36
	android:windowSoftInputMode
		ADDED from src\main\AndroidManifest.xml:241:13-67
	android:configChanges
		ADDED from src\main\AndroidManifest.xml:239:13-63
	android:name
		ADDED from src\main\AndroidManifest.xml:238:13-73
activity#com.umeng.comm.ui.activities.ForwardActivity
ADDED from src\main\AndroidManifest.xml:243:9-246:70
	android:windowSoftInputMode
		ADDED from src\main\AndroidManifest.xml:246:13-67
	android:configChanges
		ADDED from src\main\AndroidManifest.xml:245:13-63
	android:name
		ADDED from src\main\AndroidManifest.xml:244:13-72
activity#com.umeng.comm.ui.activities.UserInfoActivity
ADDED from src\main\AndroidManifest.xml:248:9-251:70
	android:windowSoftInputMode
		ADDED from src\main\AndroidManifest.xml:251:13-67
	android:configChanges
		ADDED from src\main\AndroidManifest.xml:250:13-63
	android:name
		ADDED from src\main\AndroidManifest.xml:249:13-73
activity#com.umeng.comm.ui.activities.TopicDetailActivity
ADDED from src\main\AndroidManifest.xml:253:9-256:70
	android:windowSoftInputMode
		ADDED from src\main\AndroidManifest.xml:256:13-67
	android:configChanges
		ADDED from src\main\AndroidManifest.xml:255:13-63
	android:name
		ADDED from src\main\AndroidManifest.xml:254:13-76
activity#com.umeng.comm.ui.activities.FeedDetailActivity
ADDED from src\main\AndroidManifest.xml:258:9-262:70
	android:launchMode
		ADDED from src\main\AndroidManifest.xml:261:13-44
	android:windowSoftInputMode
		ADDED from src\main\AndroidManifest.xml:262:13-67
	android:configChanges
		ADDED from src\main\AndroidManifest.xml:260:13-63
	android:name
		ADDED from src\main\AndroidManifest.xml:259:13-75
activity#com.umeng.comm.ui.activities.FindActivity
ADDED from src\main\AndroidManifest.xml:263:9-266:70
	android:windowSoftInputMode
		ADDED from src\main\AndroidManifest.xml:266:13-67
	android:configChanges
		ADDED from src\main\AndroidManifest.xml:265:13-63
	android:name
		ADDED from src\main\AndroidManifest.xml:264:13-69
activity#com.umeng.comm.ui.activities.SettingActivity
ADDED from src\main\AndroidManifest.xml:268:9-81
	android:name
		ADDED from src\main\AndroidManifest.xml:268:19-78
activity#com.umeng.comm.ui.activities.LikeUsersActivity
ADDED from src\main\AndroidManifest.xml:270:9-83
	android:name
		ADDED from src\main\AndroidManifest.xml:270:19-80
activity#com.umeng.comm.ui.activities.SearchActivity
ADDED from src\main\AndroidManifest.xml:272:9-80
	android:name
		ADDED from src\main\AndroidManifest.xml:272:19-77
activity#com.umeng.comm.ui.activities.GuideActivity
ADDED from src\main\AndroidManifest.xml:274:9-79
	android:name
		ADDED from src\main\AndroidManifest.xml:274:19-76
activity#com.umeng.comm.ui.activities.RelativeUserActivity
ADDED from src\main\AndroidManifest.xml:276:9-86
	android:name
		ADDED from src\main\AndroidManifest.xml:276:19-83
activity#com.umeng.community.login.LoginActivity
ADDED from src\main\AndroidManifest.xml:278:9-76
	android:name
		ADDED from src\main\AndroidManifest.xml:278:19-73
activity#com.umeng.comm.ui.activities.LocationFeedActivity
ADDED from src\main\AndroidManifest.xml:280:9-86
	android:name
		ADDED from src\main\AndroidManifest.xml:280:19-83
activity#com.umeng.comm.ui.activities.AlbumActivity
ADDED from src\main\AndroidManifest.xml:282:9-79
	android:name
		ADDED from src\main\AndroidManifest.xml:282:19-76
activity#com.umeng.comm.ui.activities.FollowedTopicActivity
ADDED from src\main\AndroidManifest.xml:284:9-87
	android:name
		ADDED from src\main\AndroidManifest.xml:284:19-84
activity#com.umeng.comm.ui.activities.NotificationActivity
ADDED from src\main\AndroidManifest.xml:286:9-86
	android:name
		ADDED from src\main\AndroidManifest.xml:286:19-83
activity#com.umeng.comm.ui.activities.NewMsgActivity
ADDED from src\main\AndroidManifest.xml:288:9-80
	android:name
		ADDED from src\main\AndroidManifest.xml:288:19-77
receiver#com.umeng.message.NotificationProxyBroadcastReceiver
ADDED from src\main\AndroidManifest.xml:291:9-295:20
	android:process
		ADDED from src\main\AndroidManifest.xml:294:13-36
	android:exported
		ADDED from src\main\AndroidManifest.xml:293:13-37
	android:name
		ADDED from src\main\AndroidManifest.xml:292:13-80
receiver#com.umeng.message.SystemReceiver
ADDED from src\main\AndroidManifest.xml:296:9-310:20
	android:process
		ADDED from src\main\AndroidManifest.xml:298:13-36
	android:name
		ADDED from src\main\AndroidManifest.xml:297:13-60
intent-filter#android.intent.action.BOOT_COMPLETED
ADDED from src\main\AndroidManifest.xml:299:13-301:29
action#android.intent.action.BOOT_COMPLETED
ADDED from src\main\AndroidManifest.xml:300:17-79
	android:name
		ADDED from src\main\AndroidManifest.xml:300:25-76
intent-filter#android.net.conn.CONNECTIVITY_CHANGE
ADDED from src\main\AndroidManifest.xml:302:13-304:29
intent-filter#android.intent.action.PACKAGE_REMOVED
ADDED from src\main\AndroidManifest.xml:305:13-309:29
receiver#com.umeng.message.MessageReceiver
ADDED from src\main\AndroidManifest.xml:311:9-317:20
	android:process
		ADDED from src\main\AndroidManifest.xml:313:13-36
	android:name
		ADDED from src\main\AndroidManifest.xml:312:13-61
intent-filter#org.agoo.android.intent.action.RECEIVE
ADDED from src\main\AndroidManifest.xml:314:13-316:29
action#org.agoo.android.intent.action.RECEIVE
ADDED from src\main\AndroidManifest.xml:315:17-81
	android:name
		ADDED from src\main\AndroidManifest.xml:315:25-78
receiver#com.umeng.message.ElectionReceiver
ADDED from src\main\AndroidManifest.xml:318:9-326:20
	android:process
		ADDED from src\main\AndroidManifest.xml:320:13-36
	android:name
		ADDED from src\main\AndroidManifest.xml:319:13-62
intent-filter#org.agoo.android.intent.action.ELECTION_RESULT_V4+umeng
ADDED from src\main\AndroidManifest.xml:321:13-325:29
action#org.agoo.android.intent.action.ELECTION_RESULT_V4
ADDED from src\main\AndroidManifest.xml:322:17-92
	android:name
		ADDED from src\main\AndroidManifest.xml:322:25-89
category#umeng
ADDED from src\main\AndroidManifest.xml:324:17-50
	android:name
		ADDED from src\main\AndroidManifest.xml:324:27-47
receiver#com.umeng.message.RegistrationReceiver
ADDED from src\main\AndroidManifest.xml:327:9-333:20
	android:exported
		ADDED from src\main\AndroidManifest.xml:329:13-37
	android:name
		ADDED from src\main\AndroidManifest.xml:328:13-66
intent-filter#net.meluo.newdoc.intent.action.COMMAND
ADDED from src\main\AndroidManifest.xml:330:13-332:29
action#net.meluo.newdoc.intent.action.COMMAND
ADDED from src\main\AndroidManifest.xml:331:17-81
	android:name
		ADDED from src\main\AndroidManifest.xml:331:25-78
receiver#com.umeng.message.BootBroadcastReceiver
ADDED from src\main\AndroidManifest.xml:334:9-338:20
	android:name
		ADDED from src\main\AndroidManifest.xml:334:19-73
service#com.umeng.message.UmengService
ADDED from src\main\AndroidManifest.xml:340:9-356:19
	android:process
		ADDED from src\main\AndroidManifest.xml:344:13-36
	android:label
		ADDED from src\main\AndroidManifest.xml:343:13-40
	android:exported
		ADDED from src\main\AndroidManifest.xml:342:13-36
	android:name
		ADDED from src\main\AndroidManifest.xml:341:13-58
intent-filter#net.meluo.newdoc.intent.action.START
ADDED from src\main\AndroidManifest.xml:345:13-347:29
action#net.meluo.newdoc.intent.action.START
ADDED from src\main\AndroidManifest.xml:346:17-79
	android:name
		ADDED from src\main\AndroidManifest.xml:346:25-76
intent-filter#net.meluo.newdoc.intent.action.COCKROACH
ADDED from src\main\AndroidManifest.xml:348:13-350:29
action#net.meluo.newdoc.intent.action.COCKROACH
ADDED from src\main\AndroidManifest.xml:349:17-83
	android:name
		ADDED from src\main\AndroidManifest.xml:349:25-80
intent-filter#org.agoo.android.intent.action.PING_V4+umeng
ADDED from src\main\AndroidManifest.xml:351:13-355:29
action#org.agoo.android.intent.action.PING_V4
ADDED from src\main\AndroidManifest.xml:352:17-81
	android:name
		ADDED from src\main\AndroidManifest.xml:352:25-78
service#com.umeng.message.UmengIntentService
ADDED from src\main\AndroidManifest.xml:357:9-359:39
	android:process
		ADDED from src\main\AndroidManifest.xml:359:13-36
	android:name
		ADDED from src\main\AndroidManifest.xml:358:13-64
service#com.umeng.message.UmengMessageIntentReceiverService
ADDED from src\main\AndroidManifest.xml:360:9-370:19
	android:process
		ADDED from src\main\AndroidManifest.xml:363:13-36
	android:exported
		ADDED from src\main\AndroidManifest.xml:362:13-36
	android:name
		ADDED from src\main\AndroidManifest.xml:361:13-79
intent-filter#org.android.agoo.client.MessageReceiverService
ADDED from src\main\AndroidManifest.xml:364:13-366:29
action#org.android.agoo.client.MessageReceiverService
ADDED from src\main\AndroidManifest.xml:365:17-89
	android:name
		ADDED from src\main\AndroidManifest.xml:365:25-86
intent-filter#org.android.agoo.client.ElectionReceiverService
ADDED from src\main\AndroidManifest.xml:367:13-369:29
action#org.android.agoo.client.ElectionReceiverService
ADDED from src\main\AndroidManifest.xml:368:17-90
	android:name
		ADDED from src\main\AndroidManifest.xml:368:25-87
service#com.umeng.message.UmengDownloadResourceService
ADDED from src\main\AndroidManifest.xml:372:9-82
	android:name
		ADDED from src\main\AndroidManifest.xml:372:18-79
activity#com.umeng.socialize.view.ShareActivity
ADDED from src\main\AndroidManifest.xml:375:9-382:20
	android:launchMode
		ADDED from src\main\AndroidManifest.xml:378:13-44
	android:noHistory
		ADDED from src\main\AndroidManifest.xml:379:13-37
	android:windowSoftInputMode
		ADDED from src\main\AndroidManifest.xml:381:13-68
	android:configChanges
		ADDED from src\main\AndroidManifest.xml:377:13-57
	android:theme
		ADDED from src\main\AndroidManifest.xml:380:13-50
	android:name
		ADDED from src\main\AndroidManifest.xml:376:13-66
activity#com.umeng.comm.ui.imagepicker.PhotoSelectorActivity
ADDED from src\main\AndroidManifest.xml:385:9-88
	android:name
		ADDED from src\main\AndroidManifest.xml:385:19-85
activity#com.umeng.comm.ui.imagepicker.PhotoPreviewActivity
ADDED from src\main\AndroidManifest.xml:386:9-87
	android:name
		ADDED from src\main\AndroidManifest.xml:386:19-84
activity#com.umeng.comm.ui.activities.BrowserActivity
ADDED from src\main\AndroidManifest.xml:389:9-391:77
	android:configChanges
		ADDED from src\main\AndroidManifest.xml:391:13-74
	android:name
		ADDED from src\main\AndroidManifest.xml:390:13-72
meta-data#UMENG_APPKEY
ADDED from src\main\AndroidManifest.xml:394:9-397:21
	android:value
		ADDED from src\main\AndroidManifest.xml:396:13-53
	android:name
		ADDED from src\main\AndroidManifest.xml:395:13-40